<?xml version="1.0" encoding="UTF-8"?>
<!DOCTYPE mapper
    PUBLIC "-//mybatis.org/DTD Mapper 3.0//EN"
    "http://mybatis.org/dtd/mybatis-3-mapper.dtd">
<mapper namespace="com.young.inbyul.test">
	
	<resultMap type="com.young.inbyul.board.model.Board" id="board">
		<result property="bno" column="bno"/>
		<result property="bcontent" column="bcontent"/>
		<result property="likecnt" column="likecnt"/>
		<result property="commentcnt" column="commentcnt"/>
		<result property="b_reg_dt" column="b_reg_dt"/>
		 <association property="user"  javaType="com.young.inbyul.user.model.CustomUser" >
		 	<result property="uno" column="uno"/>
             <result property="uid" column="uid"/>
             <result property="uicon" column="uicon"/>
       </association>
       
       
       <collection property="filevo" javaType="java.util.ArrayList" column="bno" ofType="com.young.inbyul.board.model.FileVO" select="getfilepath">
       			<result property="fno" column="pno"/>
       			<result property="file_path" column="file_path"/>
       </collection>
       
       
        <!-- <association property="filevo"  javaType="com.young.inbyul.board.model.File" >
	        <collection property="file_path" javaType="java.util.ArrayList" column="bno" ofType="String" select="getfilepath">
	        	<result property="file_path" column="file_path"/>
	        </collection>
        </association> -->
        
	</resultMap>
	
	
	<resultMap type="com.young.inbyul.board.model.Board" id="boardList">
		<result property="bno" column="bno"/>
		<result property="bcontent" column="bcontent"/>
		<result property="likecnt" column="likecnt"/>
		<result property="commentcnt" column="commentcnt"/>
		<result property="b_reg_dt" column="b_reg_dt"/>
		<result property="heart" column="heart"/>
		 <association property="user"  javaType="com.young.inbyul.user.model.CustomUser" >
		 	<result property="uno" column="uno"/>
             <result property="uid" column="uid"/>
             <result property="uicon" column="uicon"/>
        </association>
        
        <collection property="fileArr" javaType="java.util.ArrayList" column="bno" ofType="com.young.inbyul.board.model.FileVO" select="getfilepath">
       			<result property="fno" column="fno"/>
       			<result property="file_path" column="file_path"/>
       </collection>   
	</resultMap>
		
		<resultMap type="com.young.inbyul.board.model.Board" id="boardContents">
		<result property="bno" column="bno"/>
		<result property="bcontent" column="bcontent"/>
		<result property="likecnt" column="likecnt"/>
		<result property="commentcnt" column="commentcnt"/>
		<result property="b_reg_dt" column="b_reg_dt"/>
		<result property="heart" column="heart"/>
		 <association property="user"  javaType="com.young.inbyul.user.model.CustomUser" >
		 	<result property="uno" column="uno"/>
             <result property="uid" column="uid"/>
             <result property="uicon" column="uicon"/>
        </association>
		
		<collection property="fileArr" javaType="java.util.ArrayList" column="bno" ofType="com.young.inbyul.board.model.File" select="getfilepath">
       			<result property="fno" column="fno"/>
       			<result property="file_path" column="file_path"/>
       </collection>
		
		<!-- <association property="filevo"  javaType="com.young.inbyul.board.model.File" >
	        <collection property="file_path" javaType="java.util.ArrayList" column="bno" ofType="String" select="getfilepath">
	        	<result property="file_path" column="file_path"/>
	        </collection>
        </association> -->
	</resultMap>
		
		<select id="getBoard" resultMap="boardContents">
			
		select board.*,user.uid,user.uicon,user.uno, if(isnull((select bno from tbl_like where bno=#{bno} and uno =#{uno})),0,1) as heart from board join user on board.uno=user.uno
		where board.bno=#{bno}
	</select>	
		
	<select id="getBoardList" resultMap="boardList">
		 select 
		 	b.*,u.uid,u.uicon,u.uno,if(isnull(l.bno),0,1) as heart 
		 from 
		 	board b 
		 join 
		 	user u 
		 on 
		 	b.uno=u.uno
		 left outer join
 		 	(select bno from tbl_like where tbl_like.bno in (
 		 		select bno from ((
 		 			select bno from board where board.uno in (
 		 				select follower_no from follow where following_no = #{uno} union select #{uno} as follower_no
 		 			 ) order by b_reg_dt desc limit #{criteria.pageStart},#{criteria.perPageNum}
 		 		) as tmp)
 		 	 ) and uno =#{uno}
 		 	) l
 		 on 
 		 	b.bno=l.bno 
 		 where 
 		 	b.uno in (
 		 		select follower_no from follow where following_no = #{uno} union select #{uno} as follower_no) 
 		 order by 
 		 	b_reg_dt desc limit #{criteria.pageStart},#{criteria.perPageNum};
	</select>
	
	
	<select id = "getList" resultMap="board">
		select 
			board.*,user.uid,user.uicon 
		from 
			board join user 
		on 
			board.uno=user.uno
		where 
			board.uno in (11,1);
	</select>
	
	<select id="getfilepath" resultType="com.young.inbyul.board.model.FileVO">
		 select file_path,pno from postimages where bno = #{bno}
	</select>
	
	
	<select id="getReUserList" resultType="com.young.inbyul.user.model.CustomUser">
	
		 select 
		 	uicon,uid,uname 
		 from 
		 	user 
		 where 
		 	uno !=11 
		 order by followercnt desc limit 10;
		
	</select>
	
	<select id="gettime" resultType="java.util.Date">
		select b_reg_dt from board where uno=11;
	</select>
	
	
	
</mapper>